<?xml version="1.0" encoding="UTF-8"?>
<!-- Generated by org.testng.reporters.JUnitReportReporter -->
<testsuite hostname="DESKTOP-K5QTI9P" failures="0" tests="3" name="LibraryAPI" time="2.849" errors="0" timestamp="2024-09-04T00:51:13 IST" skipped="0">
  <testcase classname="LibraryAPI" name="addBooks" time="2.555"/>
  <system-out/>
  <testcase classname="LibraryAPI" name="addBooks" time="0.145"/>
  <system-out/>
  <testcase classname="LibraryAPI" name="addBooks" time="0.149"/>
  <system-out/>
</testsuite> <!-- LibraryAPI -->
