<?xml version="1.0" encoding="UTF-8"?>
<!-- Generated by org.testng.reporters.JUnitReportReporter -->
<testsuite hostname="DESKTOP-K5QTI9P" failures="0" tests="1" name="SumValidation" time="3.071" errors="0" timestamp="2024-09-03T11:10:49 IST" skipped="0">
  <testcase classname="SumValidation" name="main" time="3.071"/>
  <system-out/>
</testsuite> <!-- SumValidation -->
