<?xml version="1.0" encoding="UTF-8"?>
<!-- Generated by org.testng.reporters.JUnitReportReporter -->
<testsuite hostname="DESKTOP-K5QTI9P" failures="0" tests="1" name="files.DynamicJson" time="2.017" errors="0" timestamp="2023-05-18T11:49:25 IST" skipped="0">
  <testcase classname="files.DynamicJson" name="addBook" time="2.017"/>
  <system-out/>
</testsuite> <!-- files.DynamicJson -->
