<?xml version="1.0" encoding="UTF-8"?>
<testsuite xmlns:xsi="http://www.w3.org/2001/XMLSchema-instance" xsi:noNamespaceSchemaLocation="https://maven.apache.org/surefire/maven-surefire-plugin/xsd/surefire-test-report-3.0.xsd" version="3.0" name="cucumber.Options.TestRunner" time="6.25" tests="1" errors="0" skipped="0" failures="0">
  <properties>
    <property name="sun.desktop" value="windows"/>
    <property name="awt.toolkit" value="sun.awt.windows.WToolkit"/>
    <property name="file.encoding.pkg" value="sun.io"/>
    <property name="java.specification.version" value="1.8"/>
    <property name="sun.cpu.isalist" value="amd64"/>
    <property name="sun.jnu.encoding" value="Cp1252"/>
    <property name="java.class.path" value="C:\Users\AkhilAnu\eclipse-workspace\APIFramework\target\test-classes;C:\Users\AkhilAnu\eclipse-workspace\APIFramework\target\classes;C:\Users\AkhilAnu\.m2\repository\io\rest-assured\rest-assured\5.4.0\rest-assured-5.4.0.jar;C:\Users\AkhilAnu\.m2\repository\org\apache\groovy\groovy\4.0.16\groovy-4.0.16.jar;C:\Users\AkhilAnu\.m2\repository\org\apache\groovy\groovy-xml\4.0.16\groovy-xml-4.0.16.jar;C:\Users\AkhilAnu\.m2\repository\org\apache\httpcomponents\httpclient\4.5.13\httpclient-4.5.13.jar;C:\Users\AkhilAnu\.m2\repository\org\apache\httpcomponents\httpcore\4.4.13\httpcore-4.4.13.jar;C:\Users\AkhilAnu\.m2\repository\commons-logging\commons-logging\1.2\commons-logging-1.2.jar;C:\Users\AkhilAnu\.m2\repository\commons-codec\commons-codec\1.11\commons-codec-1.11.jar;C:\Users\AkhilAnu\.m2\repository\org\apache\httpcomponents\httpmime\4.5.13\httpmime-4.5.13.jar;C:\Users\AkhilAnu\.m2\repository\org\hamcrest\hamcrest\2.2\hamcrest-2.2.jar;C:\Users\AkhilAnu\.m2\repository\org\ccil\cowan\tagsoup\tagsoup\1.2.1\tagsoup-1.2.1.jar;C:\Users\AkhilAnu\.m2\repository\io\rest-assured\json-path\5.4.0\json-path-5.4.0.jar;C:\Users\AkhilAnu\.m2\repository\org\apache\groovy\groovy-json\4.0.16\groovy-json-4.0.16.jar;C:\Users\AkhilAnu\.m2\repository\io\rest-assured\rest-assured-common\5.4.0\rest-assured-common-5.4.0.jar;C:\Users\AkhilAnu\.m2\repository\io\rest-assured\xml-path\5.4.0\xml-path-5.4.0.jar;C:\Users\AkhilAnu\.m2\repository\org\apache\commons\commons-lang3\3.11\commons-lang3-3.11.jar;C:\Users\AkhilAnu\.m2\repository\io\cucumber\cucumber-java\7.16.1\cucumber-java-7.16.1.jar;C:\Users\AkhilAnu\.m2\repository\io\cucumber\cucumber-core\7.16.1\cucumber-core-7.16.1.jar;C:\Users\AkhilAnu\.m2\repository\io\cucumber\cucumber-gherkin\7.16.1\cucumber-gherkin-7.16.1.jar;C:\Users\AkhilAnu\.m2\repository\io\cucumber\cucumber-gherkin-messages\7.16.1\cucumber-gherkin-messages-7.16.1.jar;C:\Users\AkhilAnu\.m2\repository\io\cucumber\gherkin\28.0.0\gherkin-28.0.0.jar;C:\Users\AkhilAnu\.m2\repository\io\cucumber\messages\24.1.0\messages-24.1.0.jar;C:\Users\AkhilAnu\.m2\repository\io\cucumber\tag-expressions\6.1.0\tag-expressions-6.1.0.jar;C:\Users\AkhilAnu\.m2\repository\io\cucumber\cucumber-expressions\17.1.0\cucumber-expressions-17.1.0.jar;C:\Users\AkhilAnu\.m2\repository\io\cucumber\datatable\7.16.1\datatable-7.16.1.jar;C:\Users\AkhilAnu\.m2\repository\io\cucumber\cucumber-plugin\7.16.1\cucumber-plugin-7.16.1.jar;C:\Users\AkhilAnu\.m2\repository\io\cucumber\docstring\7.16.1\docstring-7.16.1.jar;C:\Users\AkhilAnu\.m2\repository\io\cucumber\html-formatter\21.3.0\html-formatter-21.3.0.jar;C:\Users\AkhilAnu\.m2\repository\io\cucumber\junit-xml-formatter\0.3.0\junit-xml-formatter-0.3.0.jar;C:\Users\AkhilAnu\.m2\repository\io\cucumber\ci-environment\10.0.1\ci-environment-10.0.1.jar;C:\Users\AkhilAnu\.m2\repository\org\apiguardian\apiguardian-api\1.1.2\apiguardian-api-1.1.2.jar;C:\Users\AkhilAnu\.m2\repository\io\cucumber\cucumber-junit\7.16.1\cucumber-junit-7.16.1.jar;C:\Users\AkhilAnu\.m2\repository\com\fasterxml\jackson\core\jackson-databind\2.17.0\jackson-databind-2.17.0.jar;C:\Users\AkhilAnu\.m2\repository\com\fasterxml\jackson\core\jackson-annotations\2.17.0\jackson-annotations-2.17.0.jar;C:\Users\AkhilAnu\.m2\repository\com\fasterxml\jackson\core\jackson-core\2.17.0\jackson-core-2.17.0.jar;C:\Users\AkhilAnu\.m2\repository\net\bytebuddy\byte-buddy\1.14.9\byte-buddy-1.14.9.jar;C:\Users\AkhilAnu\.m2\repository\org\codehaus\groovy\groovy\3.0.21\groovy-3.0.21.jar;C:\Users\AkhilAnu\.m2\repository\junit\junit\4.11\junit-4.11.jar;C:\Users\AkhilAnu\.m2\repository\org\hamcrest\hamcrest-core\1.3\hamcrest-core-1.3.jar;"/>
    <property name="java.vm.vendor" value="Oracle Corporation"/>
    <property name="sun.arch.data.model" value="64"/>
    <property name="user.variant" value=""/>
    <property name="java.vendor.url" value="http://java.oracle.com/"/>
    <property name="user.timezone" value="Asia/Calcutta"/>
    <property name="java.vm.specification.version" value="1.8"/>
    <property name="os.name" value="Windows 10"/>
    <property name="user.country" value="US"/>
    <property name="sun.java.launcher" value="SUN_STANDARD"/>
    <property name="sun.boot.library.path" value="C:\Program Files\Java\jdk1.8.0_202\jre\bin"/>
    <property name="sun.java.command" value="C:\Users\AkhilAnu\AppData\Local\Temp\surefire8428783351928694009\surefirebooter-20250113125938474_3.jar C:\Users\AkhilAnu\AppData\Local\Temp\surefire8428783351928694009 2025-01-13T12-59-38_078-jvmRun1 surefire-20250113125938474_1tmp surefire_0-20250113125938474_2tmp"/>
    <property name="surefire.test.class.path" value="C:\Users\AkhilAnu\eclipse-workspace\APIFramework\target\test-classes;C:\Users\AkhilAnu\eclipse-workspace\APIFramework\target\classes;C:\Users\AkhilAnu\.m2\repository\io\rest-assured\rest-assured\5.4.0\rest-assured-5.4.0.jar;C:\Users\AkhilAnu\.m2\repository\org\apache\groovy\groovy\4.0.16\groovy-4.0.16.jar;C:\Users\AkhilAnu\.m2\repository\org\apache\groovy\groovy-xml\4.0.16\groovy-xml-4.0.16.jar;C:\Users\AkhilAnu\.m2\repository\org\apache\httpcomponents\httpclient\4.5.13\httpclient-4.5.13.jar;C:\Users\AkhilAnu\.m2\repository\org\apache\httpcomponents\httpcore\4.4.13\httpcore-4.4.13.jar;C:\Users\AkhilAnu\.m2\repository\commons-logging\commons-logging\1.2\commons-logging-1.2.jar;C:\Users\AkhilAnu\.m2\repository\commons-codec\commons-codec\1.11\commons-codec-1.11.jar;C:\Users\AkhilAnu\.m2\repository\org\apache\httpcomponents\httpmime\4.5.13\httpmime-4.5.13.jar;C:\Users\AkhilAnu\.m2\repository\org\hamcrest\hamcrest\2.2\hamcrest-2.2.jar;C:\Users\AkhilAnu\.m2\repository\org\ccil\cowan\tagsoup\tagsoup\1.2.1\tagsoup-1.2.1.jar;C:\Users\AkhilAnu\.m2\repository\io\rest-assured\json-path\5.4.0\json-path-5.4.0.jar;C:\Users\AkhilAnu\.m2\repository\org\apache\groovy\groovy-json\4.0.16\groovy-json-4.0.16.jar;C:\Users\AkhilAnu\.m2\repository\io\rest-assured\rest-assured-common\5.4.0\rest-assured-common-5.4.0.jar;C:\Users\AkhilAnu\.m2\repository\io\rest-assured\xml-path\5.4.0\xml-path-5.4.0.jar;C:\Users\AkhilAnu\.m2\repository\org\apache\commons\commons-lang3\3.11\commons-lang3-3.11.jar;C:\Users\AkhilAnu\.m2\repository\io\cucumber\cucumber-java\7.16.1\cucumber-java-7.16.1.jar;C:\Users\AkhilAnu\.m2\repository\io\cucumber\cucumber-core\7.16.1\cucumber-core-7.16.1.jar;C:\Users\AkhilAnu\.m2\repository\io\cucumber\cucumber-gherkin\7.16.1\cucumber-gherkin-7.16.1.jar;C:\Users\AkhilAnu\.m2\repository\io\cucumber\cucumber-gherkin-messages\7.16.1\cucumber-gherkin-messages-7.16.1.jar;C:\Users\AkhilAnu\.m2\repository\io\cucumber\gherkin\28.0.0\gherkin-28.0.0.jar;C:\Users\AkhilAnu\.m2\repository\io\cucumber\messages\24.1.0\messages-24.1.0.jar;C:\Users\AkhilAnu\.m2\repository\io\cucumber\tag-expressions\6.1.0\tag-expressions-6.1.0.jar;C:\Users\AkhilAnu\.m2\repository\io\cucumber\cucumber-expressions\17.1.0\cucumber-expressions-17.1.0.jar;C:\Users\AkhilAnu\.m2\repository\io\cucumber\datatable\7.16.1\datatable-7.16.1.jar;C:\Users\AkhilAnu\.m2\repository\io\cucumber\cucumber-plugin\7.16.1\cucumber-plugin-7.16.1.jar;C:\Users\AkhilAnu\.m2\repository\io\cucumber\docstring\7.16.1\docstring-7.16.1.jar;C:\Users\AkhilAnu\.m2\repository\io\cucumber\html-formatter\21.3.0\html-formatter-21.3.0.jar;C:\Users\AkhilAnu\.m2\repository\io\cucumber\junit-xml-formatter\0.3.0\junit-xml-formatter-0.3.0.jar;C:\Users\AkhilAnu\.m2\repository\io\cucumber\ci-environment\10.0.1\ci-environment-10.0.1.jar;C:\Users\AkhilAnu\.m2\repository\org\apiguardian\apiguardian-api\1.1.2\apiguardian-api-1.1.2.jar;C:\Users\AkhilAnu\.m2\repository\io\cucumber\cucumber-junit\7.16.1\cucumber-junit-7.16.1.jar;C:\Users\AkhilAnu\.m2\repository\com\fasterxml\jackson\core\jackson-databind\2.17.0\jackson-databind-2.17.0.jar;C:\Users\AkhilAnu\.m2\repository\com\fasterxml\jackson\core\jackson-annotations\2.17.0\jackson-annotations-2.17.0.jar;C:\Users\AkhilAnu\.m2\repository\com\fasterxml\jackson\core\jackson-core\2.17.0\jackson-core-2.17.0.jar;C:\Users\AkhilAnu\.m2\repository\net\bytebuddy\byte-buddy\1.14.9\byte-buddy-1.14.9.jar;C:\Users\AkhilAnu\.m2\repository\org\codehaus\groovy\groovy\3.0.21\groovy-3.0.21.jar;C:\Users\AkhilAnu\.m2\repository\junit\junit\4.11\junit-4.11.jar;C:\Users\AkhilAnu\.m2\repository\org\hamcrest\hamcrest-core\1.3\hamcrest-core-1.3.jar;"/>
    <property name="sun.cpu.endian" value="little"/>
    <property name="user.home" value="C:\Users\AkhilAnu"/>
    <property name="user.language" value="en"/>
    <property name="java.specification.vendor" value="Oracle Corporation"/>
    <property name="java.home" value="C:\Program Files\Java\jdk1.8.0_202\jre"/>
    <property name="basedir" value="C:\Users\AkhilAnu\eclipse-workspace\APIFramework"/>
    <property name="file.separator" value="\"/>
    <property name="line.separator" value="&#10;"/>
    <property name="java.vm.specification.vendor" value="Oracle Corporation"/>
    <property name="java.specification.name" value="Java Platform API Specification"/>
    <property name="java.awt.graphicsenv" value="sun.awt.Win32GraphicsEnvironment"/>
    <property name="surefire.real.class.path" value="C:\Users\AkhilAnu\AppData\Local\Temp\surefire8428783351928694009\surefirebooter-20250113125938474_3.jar"/>
    <property name="sun.boot.class.path" value="C:\Program Files\Java\jdk1.8.0_202\jre\lib\resources.jar;C:\Program Files\Java\jdk1.8.0_202\jre\lib\rt.jar;C:\Program Files\Java\jdk1.8.0_202\jre\lib\sunrsasign.jar;C:\Program Files\Java\jdk1.8.0_202\jre\lib\jsse.jar;C:\Program Files\Java\jdk1.8.0_202\jre\lib\jce.jar;C:\Program Files\Java\jdk1.8.0_202\jre\lib\charsets.jar;C:\Program Files\Java\jdk1.8.0_202\jre\lib\jfr.jar;C:\Program Files\Java\jdk1.8.0_202\jre\classes"/>
    <property name="user.script" value=""/>
    <property name="sun.management.compiler" value="HotSpot 64-Bit Tiered Compilers"/>
    <property name="java.runtime.version" value="1.8.0_202-b08"/>
    <property name="user.name" value="AkhilAnu"/>
    <property name="path.separator" value=";"/>
    <property name="os.version" value="10.0"/>
    <property name="java.endorsed.dirs" value="C:\Program Files\Java\jdk1.8.0_202\jre\lib\endorsed"/>
    <property name="java.runtime.name" value="Java(TM) SE Runtime Environment"/>
    <property name="file.encoding" value="Cp1252"/>
    <property name="java.vm.name" value="Java HotSpot(TM) 64-Bit Server VM"/>
    <property name="localRepository" value="C:\Users\AkhilAnu\.m2\repository"/>
    <property name="cucumber.options" value="--tags @AddPlace"/>
    <property name="java.vendor.url.bug" value="http://bugreport.sun.com/bugreport/"/>
    <property name="java.io.tmpdir" value="C:\Users\AkhilAnu\AppData\Local\Temp\"/>
    <property name="java.version" value="1.8.0_202"/>
    <property name="user.dir" value="C:\Users\AkhilAnu\eclipse-workspace\APIFramework"/>
    <property name="os.arch" value="amd64"/>
    <property name="java.vm.specification.name" value="Java Virtual Machine Specification"/>
    <property name="java.awt.printerjob" value="sun.awt.windows.WPrinterJob"/>
    <property name="sun.os.patch.level" value=""/>
    <property name="java.library.path" value="C:\Program Files\Java\jdk1.8.0_202\jre\bin;C:\WINDOWS\Sun\Java\bin;C:\WINDOWS\system32;C:\WINDOWS;C:\Program Files\Common Files\Oracle\Java\javapath;C:\Program Files (x86)\Common Files\Oracle\Java\java8path;C:\Program Files (x86)\Common Files\Oracle\Java\javapath;C:\WINDOWS\system32;C:\WINDOWS;C:\WINDOWS\System32\Wbem;C:\WINDOWS\System32\WindowsPowerShell\v1.0\;C:\WINDOWS\System32\OpenSSH\;C:\Users\AkhilAnu\libs\drivers;C:\Program Files\Java\jdk1.8.0_202\bin;C:\Users\AkhilAnu\Downloads\apache-maven-3.9.6-bin\apache-maven-3.9.6\bin;C:\Program Files\Git\cmd;C:\Users\AkhilAnu\AppData\Local\Microsoft\WindowsApps;;."/>
    <property name="java.vm.info" value="mixed mode"/>
    <property name="java.vendor" value="Oracle Corporation"/>
    <property name="java.vm.version" value="25.202-b08"/>
    <property name="java.ext.dirs" value="C:\Program Files\Java\jdk1.8.0_202\jre\lib\ext;C:\WINDOWS\Sun\Java\lib\ext"/>
    <property name="sun.io.unicode.encoding" value="UnicodeLittle"/>
    <property name="java.class.version" value="52.0"/>
  </properties>
  <testcase name="Verify if Place is being successfully added using AddPlaceAPI" classname="Validation Place API&apos;s" time="5.508">
    <system-out><![CDATA[/maps/api/place/add/json
/maps/api/place/get/json
]]></system-out>
    <system-err><![CDATA[Jan 13, 2025 12:59:38 PM io.cucumber.core.options.CucumberPropertiesParser lambda$warnWhenCucumberOptionsIsUsed$2
WARNING: Passing commandline options via the property 'cucumber.options' is no longer supported. Please use individual properties instead. See the java doc on io.cucumber.core.options.Constants for details.
]]></system-err>
  </testcase>
</testsuite>